\BOOKMARK [0][-]{chapter*.1}{\376\377\144\130\211\201}{}% 1
\BOOKMARK [0][-]{chapter*.2}{\376\377\000A\000b\000s\000t\000r\000a\000c\000t}{}% 2
\BOOKMARK [0][-]{chapter.1}{\376\377\137\025\212\000}{}% 3
\BOOKMARK [1][-]{section.1.1}{\376\377\000L\000a\000T\000e\000X\173\200\116\313}{chapter.1}% 4
\BOOKMARK [1][-]{section.1.2}{\376\377\000W\000U\000T\000t\000h\000e\000s\000i\000s}{chapter.1}% 5
\BOOKMARK [1][-]{section.1.3}{\376\377\000L\000a\000T\000e\000X\133\211\210\305}{chapter.1}% 6
\BOOKMARK [0][-]{chapter.2}{\376\377\000W\000U\000T\000t\000h\000e\000s\000i\000s\213\346\211\343}{}% 7
\BOOKMARK [1][-]{section.2.1}{\376\377\152\041\147\177\176\323\147\204}{chapter.2}% 8
\BOOKMARK [1][-]{section.2.2}{\376\377\000C\000T\000e\000X\133\217\226\306}{chapter.2}% 9
\BOOKMARK [2][-]{subsection.2.2.1}{\376\377\116\055\145\207\133\127\117\123}{section.2.2}% 10
\BOOKMARK [2][-]{subsection.2.2.2}{\376\377\133\127\117\123\134\072\133\370\377\010\133\127\123\367\377\011}{section.2.2}% 11
\BOOKMARK [1][-]{section.2.3}{\376\377\000W\000U\000T\000t\000h\000e\000s\000i\000s\133\217\123\005}{chapter.2}% 12
\BOOKMARK [2][-]{subsection.2.3.1}{\376\377\201\352\133\232\116\111\124\175\116\344}{section.2.3}% 13
\BOOKMARK [2][-]{subsection.2.3.2}{\376\377\201\352\133\232\116\111\163\257\130\203}{section.2.3}% 14
\BOOKMARK [1][-]{section.2.4}{\376\377\123\302\200\003\145\207\163\056}{chapter.2}% 15
\BOOKMARK [2][-]{subsection.2.4.1}{\376\377\145\207\163\056\145\160\143\156\136\223\145\207\116\366}{section.2.4}% 16
\BOOKMARK [2][-]{subsection.2.4.2}{\376\377\000b\000i\000b\000l\000a\000t\000e\000x\133\217\123\005\124\214\000g\000b\0007\0007\0001\0004\000-\0002\0000\0001\0005\150\067\137\017}{section.2.4}% 17
\BOOKMARK [1][-]{section.2.5}{\376\377\131\026\126\375\145\207\133\127\133\127\117\123}{chapter.2}% 18
\BOOKMARK [2][-]{subsection.2.5.1}{\376\377\202\361\145\207\133\127\117\123\377\010\211\177\153\047\145\207\133\127\377\011}{section.2.5}% 19
\BOOKMARK [2][-]{subsection.2.5.2}{\376\377\145\345\145\207\133\127\117\123}{section.2.5}% 20
\BOOKMARK [2][-]{subsection.2.5.3}{\376\377\227\351\145\207\133\127\117\123}{section.2.5}% 21
\BOOKMARK [2][-]{subsection.2.5.4}{\376\377\117\304\145\207\133\127\117\123}{section.2.5}% 22
\BOOKMARK [1][-]{section.2.6}{\376\377\116\000\116\233\213\276\177\156\213\364\146\016}{chapter.2}% 23
\BOOKMARK [1][-]{section.2.7}{\376\377\177\026\213\321\145\271\137\017}{chapter.2}% 24
\BOOKMARK [0][-]{chapter.3}{\376\377\176\323\213\272\116\016\134\125\147\033}{}% 25
\BOOKMARK [0][-]{appendix.A}{\376\377\000W\000U\000T\000t\000h\000e\000s\000i\000s\145\345\137\327}{}% 26
\BOOKMARK [0][-]{appendix.B}{\376\377\000L\000a\000T\000e\000X\135\345\121\167\173\261}{}% 27
\BOOKMARK [1][-]{section.B.1}{\376\377\146\364\131\032\202\361\145\207\133\127\117\123}{appendix.B}% 28
\BOOKMARK [1][-]{section.B.2}{\376\377\116\000\116\233\211\177\153\047\133\127\173\046\166\204\217\223\121\145}{appendix.B}% 29
\BOOKMARK [1][-]{section.B.3}{\376\377\145\160\133\146\173\046\123\367}{appendix.B}% 30
\BOOKMARK [0][-]{appendix*.4}{\376\377\123\302\200\003\145\207\163\056}{}% 31
\BOOKMARK [0][-]{appendix*.5}{\376\377\117\134\200\005\173\200\123\206\123\312\145\073\213\373\133\146\117\115\147\037\225\364\123\321\210\150\166\204\133\146\147\057\213\272\145\207\116\016\170\024\172\166\142\020\147\234}{}% 32
\BOOKMARK [0][-]{appendix*.6}{\376\377\201\364\214\042}{}% 33
